# JRE version: OpenJDK Runtime Environment Temurin-21.0.8+9 (21.0.8+9) (build 21.0.8+9-LTS)
# Java VM: OpenJDK 64-Bit Server VM Temurin-21.0.8+9 (21.0.8+9-LTS, mixed mode, sharing, tiered, compressed oops, compressed class ptrs, parallel gc, windows-amd64)
GC Precious Log:
 CardTable entry size: 512
 CPUs: 8 total, 8 available
 Memory: 16242M
 Large Page Support: Disabled
 NUMA Support: Disabled
 Compressed Oops: Enabled (32-bit)
 Alignments: Space 512K, Generation 512K, Heap 2M
 Heap Min Capacity: 100M
 Heap Initial Capacity: 100M
 Heap Max Capacity: 2G
 Pre-touch: Disabled
 Parallel Workers: 8
Heap:
 PSYoungGen      total 16384K, used 6158K [0x00000000d5580000, 0x00000000d6800000, 0x0000000100000000)
  eden space 14848K, 31% used [0x00000000d5580000,0x00000000d5a0bae0,0x00000000d6400000)
  from space 1536K, 97% used [0x00000000d6680000,0x00000000d67f8000,0x00000000d6800000)
  to   space 2048K, 0% used [0x00000000d6400000,0x00000000d6400000,0x00000000d6600000)
 ParOldGen       total 78848K, used 78409K [0x0000000080000000, 0x0000000084d00000, 0x00000000d5580000)
  object space 78848K, 99% used [0x0000000080000000,0x0000000084c92618,0x0000000084d00000)
 Metaspace       used 57932K, committed 59264K, reserved 1114112K
  class space    used 6745K, committed 7296K, reserved 1048576K
GC Heap History (20 events):
Event: 12.440 GC heap before
{Heap before GC invocations=39 (full 2):
 PSYoungGen      total 16384K, used 16368K [0x00000000d5580000, 0x00000000d6b00000, 0x0000000100000000)
  eden space 15872K, 100% used [0x00000000d5580000,0x00000000d6500000,0x00000000d6500000)
  from space 512K, 96% used [0x00000000d6a80000,0x00000000d6afc010,0x00000000d6b00000)
  to   space 1024K, 0% used [0x00000000d6900000,0x00000000d6900000,0x00000000d6a00000)
 ParOldGen       total 68608K, used 66058K [0x0000000080000000, 0x0000000084300000, 0x00000000d5580000)
  object space 68608K, 96% used [0x0000000080000000,0x0000000084082878,0x0000000084300000)
 Metaspace       used 55239K, committed 56512K, reserved 1114112K
  class space    used 6473K, committed 7040K, reserved 1048576K
}
Event: 12.441 GC heap after
{Heap after GC invocations=39 (full 2):
 PSYoungGen      total 16896K, used 256K [0x00000000d5580000, 0x00000000d6b00000, 0x0000000100000000)
  eden space 15872K, 0% used [0x00000000d5580000,0x00000000d5580000,0x00000000d6500000)
  from space 1024K, 25% used [0x00000000d6900000,0x00000000d6940000,0x00000000d6a00000)
  to   space 512K, 0% used [0x00000000d6a80000,0x00000000d6a80000,0x00000000d6b00000)
 ParOldGen       total 68608K, used 66449K [0x0000000080000000, 0x0000000084300000, 0x00000000d5580000)
  object space 68608K, 96% used [0x0000000080000000,0x00000000840e4588,0x0000000084300000)
 Metaspace       used 55239K, committed 56512K, reserved 1114112K
  class space    used 6473K, committed 7040K, reserved 1048576K
}
Event: 12.902 GC heap before
{Heap before GC invocations=40 (full 2):
 PSYoungGen      total 16896K, used 16128K [0x00000000d5580000, 0x00000000d6b00000, 0x0000000100000000)
  eden space 15872K, 100% used [0x00000000d5580000,0x00000000d6500000,0x00000000d6500000)
  from space 1024K, 25% used [0x00000000d6900000,0x00000000d6940000,0x00000000d6a00000)
  to   space 512K, 0% used [0x00000000d6a80000,0x00000000d6a80000,0x00000000d6b00000)
 ParOldGen       total 68608K, used 66449K [0x0000000080000000, 0x0000000084300000, 0x00000000d5580000)
  object space 68608K, 96% used [0x0000000080000000,0x00000000840e4588,0x0000000084300000)
 Metaspace       used 55864K, committed 57152K, reserved 1114112K
  class space    used 6547K, committed 7104K, reserved 1048576K
}
Event: 12.904 GC heap after
{Heap after GC invocations=40 (full 2):
 PSYoungGen      total 16384K, used 492K [0x00000000d5580000, 0x00000000d6b00000, 0x0000000100000000)
  eden space 15872K, 0% used [0x00000000d5580000,0x00000000d5580000,0x00000000d6500000)
  from space 512K, 96% used [0x00000000d6a80000,0x00000000d6afb238,0x00000000d6b00000)
  to   space 1024K, 0% used [0x00000000d6900000,0x00000000d6900000,0x00000000d6a00000)
 ParOldGen       total 68608K, used 66601K [0x0000000080000000, 0x0000000084300000, 0x00000000d5580000)
  object space 68608K, 97% used [0x0000000080000000,0x000000008410a588,0x0000000084300000)
 Metaspace       used 55864K, committed 57152K, reserved 1114112K
  class space    used 6547K, committed 7104K, reserved 1048576K
}
Event: 13.197 GC heap before
{Heap before GC invocations=41 (full 2):
 PSYoungGen      total 16384K, used 16364K [0x00000000d5580000, 0x00000000d6b00000, 0x0000000100000000)
  eden space 15872K, 100% used [0x00000000d5580000,0x00000000d6500000,0x00000000d6500000)
  from space 512K, 96% used [0x00000000d6a80000,0x00000000d6afb238,0x00000000d6b00000)
  to   space 1024K, 0% used [0x00000000d6900000,0x00000000d6900000,0x00000000d6a00000)
 ParOldGen       total 68608K, used 66601K [0x0000000080000000, 0x0000000084300000, 0x00000000d5580000)
  object space 68608K, 97% used [0x0000000080000000,0x000000008410a588,0x0000000084300000)
 Metaspace       used 57122K, committed 58496K, reserved 1114112K
  class space    used 6654K, committed 7232K, reserved 1048576K
}
Event: 13.199 GC heap after
{Heap after GC invocations=41 (full 2):
 PSYoungGen      total 16896K, used 1001K [0x00000000d5580000, 0x00000000d6b00000, 0x0000000100000000)
  eden space 15872K, 0% used [0x00000000d5580000,0x00000000d5580000,0x00000000d6500000)
  from space 1024K, 97% used [0x00000000d6900000,0x00000000d69fa4b0,0x00000000d6a00000)
  to   space 1024K, 0% used [0x00000000d6a00000,0x00000000d6a00000,0x00000000d6b00000)
 ParOldGen       total 68608K, used 67259K [0x0000000080000000, 0x0000000084300000, 0x00000000d5580000)
  object space 68608K, 98% used [0x0000000080000000,0x00000000841aee58,0x0000000084300000)
 Metaspace       used 57122K, committed 58496K, reserved 1114112K
  class space    used 6654K, committed 7232K, reserved 1048576K
}
Event: 13.285 GC heap before
{Heap before GC invocations=42 (full 2):
 PSYoungGen      total 16896K, used 16873K [0x00000000d5580000, 0x00000000d6b00000, 0x0000000100000000)
  eden space 15872K, 100% used [0x00000000d5580000,0x00000000d6500000,0x00000000d6500000)
  from space 1024K, 97% used [0x00000000d6900000,0x00000000d69fa4b0,0x00000000d6a00000)
  to   space 1024K, 0% used [0x00000000d6a00000,0x00000000d6a00000,0x00000000d6b00000)
 ParOldGen       total 68608K, used 67259K [0x0000000080000000, 0x0000000084300000, 0x00000000d5580000)
  object space 68608K, 98% used [0x0000000080000000,0x00000000841aee58,0x0000000084300000)
 Metaspace       used 57122K, committed 58496K, reserved 1114112K
  class space    used 6654K, committed 7232K, reserved 1048576K
}
Event: 13.288 GC heap after
{Heap after GC invocations=42 (full 2):
 PSYoungGen      total 16896K, used 992K [0x00000000d5580000, 0x00000000d6b00000, 0x0000000100000000)
  eden space 15872K, 0% used [0x00000000d5580000,0x00000000d5580000,0x00000000d6500000)
  from space 1024K, 96% used [0x00000000d6a00000,0x00000000d6af8010,0x00000000d6b00000)
  to   space 3072K, 0% used [0x00000000d6500000,0x00000000d6500000,0x00000000d6800000)
 ParOldGen       total 69120K, used 68946K [0x0000000080000000, 0x0000000084380000, 0x00000000d5580000)
  object space 69120K, 99% used [0x0000000080000000,0x0000000084354930,0x0000000084380000)
 Metaspace       used 57122K, committed 58496K, reserved 1114112K
  class space    used 6654K, committed 7232K, reserved 1048576K
}
Event: 13.392 GC heap before
{Heap before GC invocations=43 (full 2):
 PSYoungGen      total 16896K, used 16864K [0x00000000d5580000, 0x00000000d6b00000, 0x0000000100000000)
  eden space 15872K, 100% used [0x00000000d5580000,0x00000000d6500000,0x00000000d6500000)
  from space 1024K, 96% used [0x00000000d6a00000,0x00000000d6af8010,0x00000000d6b00000)
  to   space 3072K, 0% used [0x00000000d6500000,0x00000000d6500000,0x00000000d6800000)
 ParOldGen       total 69120K, used 68946K [0x0000000080000000, 0x0000000084380000, 0x00000000d5580000)
  object space 69120K, 99% used [0x0000000080000000,0x0000000084354930,0x0000000084380000)
 Metaspace       used 57517K, committed 58880K, reserved 1114112K
  class space    used 6712K, committed 7296K, reserved 1048576K
}
Event: 13.395 GC heap after
{Heap after GC invocations=43 (full 2):
 PSYoungGen      total 18944K, used 1873K [0x00000000d5580000, 0x00000000d6a80000, 0x0000000100000000)
  eden space 15872K, 0% used [0x00000000d5580000,0x00000000d5580000,0x00000000d6500000)
  from space 3072K, 60% used [0x00000000d6500000,0x00000000d66d4410,0x00000000d6800000)
  to   space 2560K, 0% used [0x00000000d6800000,0x00000000d6800000,0x00000000d6a80000)
 ParOldGen       total 70144K, used 69986K [0x0000000080000000, 0x0000000084480000, 0x00000000d5580000)
  object space 70144K, 99% used [0x0000000080000000,0x0000000084458940,0x0000000084480000)
 Metaspace       used 57517K, committed 58880K, reserved 1114112K
  class space    used 6712K, committed 7296K, reserved 1048576K
}
Event: 13.481 GC heap before
{Heap before GC invocations=44 (full 2):
 PSYoungGen      total 18944K, used 17745K [0x00000000d5580000, 0x00000000d6a80000, 0x0000000100000000)
  eden space 15872K, 100% used [0x00000000d5580000,0x00000000d6500000,0x00000000d6500000)
  from space 3072K, 60% used [0x00000000d6500000,0x00000000d66d4410,0x00000000d6800000)
  to   space 2560K, 0% used [0x00000000d6800000,0x00000000d6800000,0x00000000d6a80000)
 ParOldGen       total 70144K, used 69986K [0x0000000080000000, 0x0000000084480000, 0x00000000d5580000)
  object space 70144K, 99% used [0x0000000080000000,0x0000000084458940,0x0000000084480000)
 Metaspace       used 57539K, committed 58880K, reserved 1114112K
  class space    used 6712K, committed 7296K, reserved 1048576K
}
Event: 13.485 GC heap after
{Heap after GC invocations=44 (full 2):
 PSYoungGen      total 18432K, used 2050K [0x00000000d5580000, 0x00000000d6a80000, 0x0000000100000000)
  eden space 15872K, 0% used [0x00000000d5580000,0x00000000d5580000,0x00000000d6500000)
  from space 2560K, 80% used [0x00000000d6800000,0x00000000d6a00810,0x00000000d6a80000)
  to   space 2560K, 0% used [0x00000000d6580000,0x00000000d6580000,0x00000000d6800000)
 ParOldGen       total 72192K, used 71693K [0x0000000080000000, 0x0000000084680000, 0x00000000d5580000)
  object space 72192K, 99% used [0x0000000080000000,0x0000000084603620,0x0000000084680000)
 Metaspace       used 57539K, committed 58880K, reserved 1114112K
  class space    used 6712K, committed 7296K, reserved 1048576K
}
Event: 13.573 GC heap before
{Heap before GC invocations=45 (full 2):
 PSYoungGen      total 18432K, used 17922K [0x00000000d5580000, 0x00000000d6a80000, 0x0000000100000000)
  eden space 15872K, 100% used [0x00000000d5580000,0x00000000d6500000,0x00000000d6500000)
  from space 2560K, 80% used [0x00000000d6800000,0x00000000d6a00810,0x00000000d6a80000)
  to   space 2560K, 0% used [0x00000000d6580000,0x00000000d6580000,0x00000000d6800000)
 ParOldGen       total 72192K, used 71693K [0x0000000080000000, 0x0000000084680000, 0x00000000d5580000)
  object space 72192K, 99% used [0x0000000080000000,0x0000000084603620,0x0000000084680000)
 Metaspace       used 57542K, committed 58880K, reserved 1114112K
  class space    used 6712K, committed 7296K, reserved 1048576K
}
Event: 13.577 GC heap after
{Heap after GC invocations=45 (full 2):
 PSYoungGen      total 17920K, used 1828K [0x00000000d5580000, 0x00000000d6900000, 0x0000000100000000)
  eden space 15872K, 0% used [0x00000000d5580000,0x00000000d5580000,0x00000000d6500000)
  from space 2048K, 89% used [0x00000000d6580000,0x00000000d6749000,0x00000000d6780000)
  to   space 1536K, 0% used [0x00000000d6780000,0x00000000d6780000,0x00000000d6900000)
 ParOldGen       total 73728K, used 73587K [0x0000000080000000, 0x0000000084800000, 0x00000000d5580000)
  object space 73728K, 99% used [0x0000000080000000,0x00000000847dcfe0,0x0000000084800000)
 Metaspace       used 57542K, committed 58880K, reserved 1114112K
  class space    used 6712K, committed 7296K, reserved 1048576K
}
Event: 13.657 GC heap before
{Heap before GC invocations=46 (full 2):
 PSYoungGen      total 17920K, used 17700K [0x00000000d5580000, 0x00000000d6900000, 0x0000000100000000)
  eden space 15872K, 100% used [0x00000000d5580000,0x00000000d6500000,0x00000000d6500000)
  from space 2048K, 89% used [0x00000000d6580000,0x00000000d6749000,0x00000000d6780000)
  to   space 1536K, 0% used [0x00000000d6780000,0x00000000d6780000,0x00000000d6900000)
 ParOldGen       total 73728K, used 73587K [0x0000000080000000, 0x0000000084800000, 0x00000000d5580000)
  object space 73728K, 99% used [0x0000000080000000,0x00000000847dcfe0,0x0000000084800000)
 Metaspace       used 57544K, committed 58880K, reserved 1114112K
  class space    used 6712K, committed 7296K, reserved 1048576K
}
Event: 13.661 GC heap after
{Heap after GC invocations=46 (full 2):
 PSYoungGen      total 16384K, used 1536K [0x00000000d5580000, 0x00000000d6c00000, 0x0000000100000000)
  eden space 14848K, 0% used [0x00000000d5580000,0x00000000d5580000,0x00000000d6400000)
  from space 1536K, 100% used [0x00000000d6780000,0x00000000d6900000,0x00000000d6900000)
  to   space 3584K, 0% used [0x00000000d6400000,0x00000000d6400000,0x00000000d6780000)
 ParOldGen       total 75776K, used 75281K [0x0000000080000000, 0x0000000084a00000, 0x00000000d5580000)
  object space 75776K, 99% used [0x0000000080000000,0x0000000084984608,0x0000000084a00000)
 Metaspace       used 57544K, committed 58880K, reserved 1114112K
  class space    used 6712K, committed 7296K, reserved 1048576K
}
Event: 13.804 GC heap before
{Heap before GC invocations=47 (full 2):
 PSYoungGen      total 16384K, used 16384K [0x00000000d5580000, 0x00000000d6c00000, 0x0000000100000000)
  eden space 14848K, 100% used [0x00000000d5580000,0x00000000d6400000,0x00000000d6400000)
  from space 1536K, 100% used [0x00000000d6780000,0x00000000d6900000,0x00000000d6900000)
  to   space 3584K, 0% used [0x00000000d6400000,0x00000000d6400000,0x00000000d6780000)
 ParOldGen       total 75776K, used 75281K [0x0000000080000000, 0x0000000084a00000, 0x00000000d5580000)
  object space 75776K, 99% used [0x0000000080000000,0x0000000084984608,0x0000000084a00000)
 Metaspace       used 57581K, committed 58944K, reserved 1114112K
  class space    used 6713K, committed 7296K, reserved 1048576K
}
Event: 13.808 GC heap after
{Heap after GC invocations=47 (full 2):
 PSYoungGen      total 16896K, used 1728K [0x00000000d5580000, 0x00000000d6900000, 0x0000000100000000)
  eden space 14848K, 0% used [0x00000000d5580000,0x00000000d5580000,0x00000000d6400000)
  from space 2048K, 84% used [0x00000000d6400000,0x00000000d65b0010,0x00000000d6600000)
  to   space 2560K, 0% used [0x00000000d6680000,0x00000000d6680000,0x00000000d6900000)
 ParOldGen       total 77312K, used 76833K [0x0000000080000000, 0x0000000084b80000, 0x00000000d5580000)
  object space 77312K, 99% used [0x0000000080000000,0x0000000084b08608,0x0000000084b80000)
 Metaspace       used 57581K, committed 58944K, reserved 1114112K
  class space    used 6713K, committed 7296K, reserved 1048576K
}
Event: 13.902 GC heap before
{Heap before GC invocations=48 (full 2):
 PSYoungGen      total 16896K, used 16576K [0x00000000d5580000, 0x00000000d6900000, 0x0000000100000000)
  eden space 14848K, 100% used [0x00000000d5580000,0x00000000d6400000,0x00000000d6400000)
  from space 2048K, 84% used [0x00000000d6400000,0x00000000d65b0010,0x00000000d6600000)
  to   space 2560K, 0% used [0x00000000d6680000,0x00000000d6680000,0x00000000d6900000)
 ParOldGen       total 77312K, used 76833K [0x0000000080000000, 0x0000000084b80000, 0x00000000d5580000)
  object space 77312K, 99% used [0x0000000080000000,0x0000000084b08608,0x0000000084b80000)
 Metaspace       used 57595K, committed 58944K, reserved 1114112K
  class space    used 6713K, committed 7296K, reserved 1048576K
}
Event: 13.905 GC heap after
{Heap after GC invocations=48 (full 2):
 PSYoungGen      total 16384K, used 1504K [0x00000000d5580000, 0x00000000d6800000, 0x0000000100000000)
  eden space 14848K, 0% used [0x00000000d5580000,0x00000000d5580000,0x00000000d6400000)
  from space 1536K, 97% used [0x00000000d6680000,0x00000000d67f8000,0x00000000d6800000)
  to   space 2048K, 0% used [0x00000000d6400000,0x00000000d6400000,0x00000000d6600000)
 ParOldGen       total 78848K, used 78409K [0x0000000080000000, 0x0000000084d00000, 0x00000000d5580000)
  object space 78848K, 99% used [0x0000000080000000,0x0000000084c92618,0x0000000084d00000)
 Metaspace       used 57595K, committed 58944K, reserved 1114112K
  class space    used 6713K, committed 7296K, reserved 1048576K
}

