# JRE version: OpenJDK Runtime Environment Temurin-21.0.8+9 (21.0.8+9) (build 21.0.8+9-LTS)
# Java VM: OpenJDK 64-Bit Server VM Temurin-21.0.8+9 (21.0.8+9-LTS, mixed mode, sharing, tiered, compressed oops, compressed class ptrs, parallel gc, windows-amd64)
GC Precious Log:
 CardTable entry size: 512
 CPUs: 8 total, 8 available
 Memory: 16242M
 Large Page Support: Disabled
 NUMA Support: Disabled
 Compressed Oops: Enabled (32-bit)
 Alignments: Space 512K, Generation 512K, Heap 2M
 Heap Min Capacity: 100M
 Heap Initial Capacity: 100M
 Heap Max Capacity: 2G
 Pre-touch: Disabled
 Parallel Workers: 8
Heap:
 PSYoungGen      total 6144K, used 5385K [0x00000000d5580000, 0x00000000d5c80000, 0x0000000100000000)
  eden space 5632K, 91% used [0x00000000d5580000,0x00000000d5a825c8,0x00000000d5b00000)
  from space 512K, 50% used [0x00000000d5c00000,0x00000000d5c40000,0x00000000d5c80000)
  to   space 512K, 0% used [0x00000000d5b80000,0x00000000d5b80000,0x00000000d5c00000)
 ParOldGen       total 90624K, used 67260K [0x0000000080000000, 0x0000000085880000, 0x00000000d5580000)
  object space 90624K, 74% used [0x0000000080000000,0x00000000841af220,0x0000000085880000)
 Metaspace       used 59680K, committed 61184K, reserved 1114112K
  class space    used 6917K, committed 7552K, reserved 1048576K
GC Heap History (20 events):
Event: 62.774 GC heap before
{Heap before GC invocations=80 (full 2):
 PSYoungGen      total 6656K, used 6304K [0x00000000d5580000, 0x00000000d5d00000, 0x0000000100000000)
  eden space 5632K, 100% used [0x00000000d5580000,0x00000000d5b00000,0x00000000d5b00000)
  from space 1024K, 65% used [0x00000000d5b00000,0x00000000d5ba8000,0x00000000d5c00000)
  to   space 1024K, 0% used [0x00000000d5c00000,0x00000000d5c00000,0x00000000d5d00000)
 ParOldGen       total 89088K, used 88726K [0x0000000080000000, 0x0000000085700000, 0x00000000d5580000)
  object space 89088K, 99% used [0x0000000080000000,0x00000000856a5b80,0x0000000085700000)
 Metaspace       used 58030K, committed 59520K, reserved 1114112K
  class space    used 6756K, committed 7424K, reserved 1048576K
}
Event: 62.779 GC heap after
{Heap after GC invocations=80 (full 2):
 PSYoungGen      total 6656K, used 480K [0x00000000d5580000, 0x00000000d5d00000, 0x0000000100000000)
  eden space 5632K, 0% used [0x00000000d5580000,0x00000000d5580000,0x00000000d5b00000)
  from space 1024K, 46% used [0x00000000d5c00000,0x00000000d5c78020,0x00000000d5d00000)
  to   space 1024K, 0% used [0x00000000d5b00000,0x00000000d5b00000,0x00000000d5c00000)
 ParOldGen       total 89600K, used 89291K [0x0000000080000000, 0x0000000085780000, 0x00000000d5580000)
  object space 89600K, 99% used [0x0000000080000000,0x0000000085732ed8,0x0000000085780000)
 Metaspace       used 58030K, committed 59520K, reserved 1114112K
  class space    used 6756K, committed 7424K, reserved 1048576K
}
Event: 62.993 GC heap before
{Heap before GC invocations=81 (full 2):
 PSYoungGen      total 6656K, used 6112K [0x00000000d5580000, 0x00000000d5d00000, 0x0000000100000000)
  eden space 5632K, 99% used [0x00000000d5580000,0x00000000d5afffe8,0x00000000d5b00000)
  from space 1024K, 46% used [0x00000000d5c00000,0x00000000d5c78020,0x00000000d5d00000)
  to   space 1024K, 0% used [0x00000000d5b00000,0x00000000d5b00000,0x00000000d5c00000)
 ParOldGen       total 89600K, used 89291K [0x0000000080000000, 0x0000000085780000, 0x00000000d5580000)
  object space 89600K, 99% used [0x0000000080000000,0x0000000085732ed8,0x0000000085780000)
 Metaspace       used 58171K, committed 59648K, reserved 1114112K
  class space    used 6768K, committed 7424K, reserved 1048576K
}
Event: 62.995 GC heap after
{Heap after GC invocations=81 (full 2):
 PSYoungGen      total 6656K, used 732K [0x00000000d5580000, 0x00000000d5d00000, 0x0000000100000000)
  eden space 5632K, 0% used [0x00000000d5580000,0x00000000d5580000,0x00000000d5b00000)
  from space 1024K, 71% used [0x00000000d5b00000,0x00000000d5bb7110,0x00000000d5c00000)
  to   space 1024K, 0% used [0x00000000d5c00000,0x00000000d5c00000,0x00000000d5d00000)
 ParOldGen       total 90112K, used 89616K [0x0000000080000000, 0x0000000085800000, 0x00000000d5580000)
  object space 90112K, 99% used [0x0000000080000000,0x0000000085784398,0x0000000085800000)
 Metaspace       used 58171K, committed 59648K, reserved 1114112K
  class space    used 6768K, committed 7424K, reserved 1048576K
}
Event: 287.564 GC heap before
{Heap before GC invocations=82 (full 2):
 PSYoungGen      total 6656K, used 6364K [0x00000000d5580000, 0x00000000d5d00000, 0x0000000100000000)
  eden space 5632K, 99% used [0x00000000d5580000,0x00000000d5afffe0,0x00000000d5b00000)
  from space 1024K, 71% used [0x00000000d5b00000,0x00000000d5bb7110,0x00000000d5c00000)
  to   space 1024K, 0% used [0x00000000d5c00000,0x00000000d5c00000,0x00000000d5d00000)
 ParOldGen       total 90112K, used 89616K [0x0000000080000000, 0x0000000085800000, 0x00000000d5580000)
  object space 90112K, 99% used [0x0000000080000000,0x0000000085784398,0x0000000085800000)
 Metaspace       used 58725K, committed 60160K, reserved 1114112K
  class space    used 6846K, committed 7488K, reserved 1048576K
}
Event: 287.566 GC heap after
{Heap after GC invocations=82 (full 2):
 PSYoungGen      total 6144K, used 320K [0x00000000d5580000, 0x00000000d5c80000, 0x0000000100000000)
  eden space 5632K, 0% used [0x00000000d5580000,0x00000000d5580000,0x00000000d5b00000)
  from space 512K, 62% used [0x00000000d5c00000,0x00000000d5c50000,0x00000000d5c80000)
  to   space 512K, 0% used [0x00000000d5b80000,0x00000000d5b80000,0x00000000d5c00000)
 ParOldGen       total 90112K, used 89952K [0x0000000080000000, 0x0000000085800000, 0x00000000d5580000)
  object space 90112K, 99% used [0x0000000080000000,0x00000000857d83e8,0x0000000085800000)
 Metaspace       used 58725K, committed 60160K, reserved 1114112K
  class space    used 6846K, committed 7488K, reserved 1048576K
}
Event: 379.573 GC heap before
{Heap before GC invocations=83 (full 2):
 PSYoungGen      total 6144K, used 5952K [0x00000000d5580000, 0x00000000d5c80000, 0x0000000100000000)
  eden space 5632K, 100% used [0x00000000d5580000,0x00000000d5b00000,0x00000000d5b00000)
  from space 512K, 62% used [0x00000000d5c00000,0x00000000d5c50000,0x00000000d5c80000)
  to   space 512K, 0% used [0x00000000d5b80000,0x00000000d5b80000,0x00000000d5c00000)
 ParOldGen       total 90112K, used 89952K [0x0000000080000000, 0x0000000085800000, 0x00000000d5580000)
  object space 90112K, 99% used [0x0000000080000000,0x00000000857d83e8,0x0000000085800000)
 Metaspace       used 59228K, committed 60800K, reserved 1114112K
  class space    used 6894K, committed 7552K, reserved 1048576K
}
Event: 379.576 GC heap after
{Heap after GC invocations=83 (full 2):
 PSYoungGen      total 6144K, used 505K [0x00000000d5580000, 0x00000000d5d00000, 0x0000000100000000)
  eden space 5632K, 0% used [0x00000000d5580000,0x00000000d5580000,0x00000000d5b00000)
  from space 512K, 98% used [0x00000000d5b80000,0x00000000d5bfe470,0x00000000d5c00000)
  to   space 1024K, 0% used [0x00000000d5c00000,0x00000000d5c00000,0x00000000d5d00000)
 ParOldGen       total 90624K, used 90169K [0x0000000080000000, 0x0000000085880000, 0x00000000d5580000)
  object space 90624K, 99% used [0x0000000080000000,0x000000008580e598,0x0000000085880000)
 Metaspace       used 59228K, committed 60800K, reserved 1114112K
  class space    used 6894K, committed 7552K, reserved 1048576K
}
Event: 587.657 GC heap before
{Heap before GC invocations=84 (full 2):
 PSYoungGen      total 6144K, used 2869K [0x00000000d5580000, 0x00000000d5d00000, 0x0000000100000000)
  eden space 5632K, 41% used [0x00000000d5580000,0x00000000d57cf1b0,0x00000000d5b00000)
  from space 512K, 98% used [0x00000000d5b80000,0x00000000d5bfe470,0x00000000d5c00000)
  to   space 1024K, 0% used [0x00000000d5c00000,0x00000000d5c00000,0x00000000d5d00000)
 ParOldGen       total 90624K, used 90169K [0x0000000080000000, 0x0000000085880000, 0x00000000d5580000)
  object space 90624K, 99% used [0x0000000080000000,0x000000008580e598,0x0000000085880000)
 Metaspace       used 59333K, committed 60800K, reserved 1114112K
  class space    used 6904K, committed 7552K, reserved 1048576K
}
Event: 587.659 GC heap after
{Heap after GC invocations=84 (full 2):
 PSYoungGen      total 6144K, used 322K [0x00000000d5580000, 0x00000000d5c80000, 0x0000000100000000)
  eden space 5632K, 0% used [0x00000000d5580000,0x00000000d5580000,0x00000000d5b00000)
  from space 512K, 63% used [0x00000000d5c00000,0x00000000d5c50a80,0x00000000d5c80000)
  to   space 512K, 0% used [0x00000000d5b80000,0x00000000d5b80000,0x00000000d5c00000)
 ParOldGen       total 90624K, used 90594K [0x0000000080000000, 0x0000000085880000, 0x00000000d5580000)
  object space 90624K, 99% used [0x0000000080000000,0x0000000085878a08,0x0000000085880000)
 Metaspace       used 59333K, committed 60800K, reserved 1114112K
  class space    used 6904K, committed 7552K, reserved 1048576K
}
Event: 587.659 GC heap before
{Heap before GC invocations=85 (full 3):
 PSYoungGen      total 6144K, used 322K [0x00000000d5580000, 0x00000000d5c80000, 0x0000000100000000)
  eden space 5632K, 0% used [0x00000000d5580000,0x00000000d5580000,0x00000000d5b00000)
  from space 512K, 63% used [0x00000000d5c00000,0x00000000d5c50a80,0x00000000d5c80000)
  to   space 512K, 0% used [0x00000000d5b80000,0x00000000d5b80000,0x00000000d5c00000)
 ParOldGen       total 90624K, used 90594K [0x0000000080000000, 0x0000000085880000, 0x00000000d5580000)
  object space 90624K, 99% used [0x0000000080000000,0x0000000085878a08,0x0000000085880000)
 Metaspace       used 59333K, committed 60800K, reserved 1114112K
  class space    used 6904K, committed 7552K, reserved 1048576K
}
Event: 587.759 GC heap after
{Heap after GC invocations=85 (full 3):
 PSYoungGen      total 6144K, used 0K [0x00000000d5580000, 0x00000000d5c80000, 0x0000000100000000)
  eden space 5632K, 0% used [0x00000000d5580000,0x00000000d5580000,0x00000000d5b00000)
  from space 512K, 0% used [0x00000000d5c00000,0x00000000d5c00000,0x00000000d5c80000)
  to   space 512K, 0% used [0x00000000d5b80000,0x00000000d5b80000,0x00000000d5c00000)
 ParOldGen       total 90624K, used 67108K [0x0000000080000000, 0x0000000085880000, 0x00000000d5580000)
  object space 90624K, 74% used [0x0000000080000000,0x0000000084189220,0x0000000085880000)
 Metaspace       used 59321K, committed 60800K, reserved 1114112K
  class space    used 6901K, committed 7552K, reserved 1048576K
}
Event: 1087.225 GC heap before
{Heap before GC invocations=86 (full 3):
 PSYoungGen      total 6144K, used 5631K [0x00000000d5580000, 0x00000000d5c80000, 0x0000000100000000)
  eden space 5632K, 99% used [0x00000000d5580000,0x00000000d5affff0,0x00000000d5b00000)
  from space 512K, 0% used [0x00000000d5c00000,0x00000000d5c00000,0x00000000d5c80000)
  to   space 512K, 0% used [0x00000000d5b80000,0x00000000d5b80000,0x00000000d5c00000)
 ParOldGen       total 90624K, used 67108K [0x0000000080000000, 0x0000000085880000, 0x00000000d5580000)
  object space 90624K, 74% used [0x0000000080000000,0x0000000084189220,0x0000000085880000)
 Metaspace       used 59512K, committed 60992K, reserved 1114112K
  class space    used 6916K, committed 7552K, reserved 1048576K
}
Event: 1087.226 GC heap after
{Heap after GC invocations=86 (full 3):
 PSYoungGen      total 6144K, used 256K [0x00000000d5580000, 0x00000000d5c80000, 0x0000000100000000)
  eden space 5632K, 0% used [0x00000000d5580000,0x00000000d5580000,0x00000000d5b00000)
  from space 512K, 50% used [0x00000000d5b80000,0x00000000d5bc0000,0x00000000d5c00000)
  to   space 512K, 0% used [0x00000000d5c00000,0x00000000d5c00000,0x00000000d5c80000)
 ParOldGen       total 90624K, used 67116K [0x0000000080000000, 0x0000000085880000, 0x00000000d5580000)
  object space 90624K, 74% used [0x0000000080000000,0x000000008418b220,0x0000000085880000)
 Metaspace       used 59512K, committed 60992K, reserved 1114112K
  class space    used 6916K, committed 7552K, reserved 1048576K
}
Event: 1262.545 GC heap before
{Heap before GC invocations=87 (full 3):
 PSYoungGen      total 6144K, used 5888K [0x00000000d5580000, 0x00000000d5c80000, 0x0000000100000000)
  eden space 5632K, 100% used [0x00000000d5580000,0x00000000d5b00000,0x00000000d5b00000)
  from space 512K, 50% used [0x00000000d5b80000,0x00000000d5bc0000,0x00000000d5c00000)
  to   space 512K, 0% used [0x00000000d5c00000,0x00000000d5c00000,0x00000000d5c80000)
 ParOldGen       total 90624K, used 67116K [0x0000000080000000, 0x0000000085880000, 0x00000000d5580000)
  object space 90624K, 74% used [0x0000000080000000,0x000000008418b220,0x0000000085880000)
 Metaspace       used 59543K, committed 61056K, reserved 1114112K
  class space    used 6916K, committed 7552K, reserved 1048576K
}
Event: 1262.547 GC heap after
{Heap after GC invocations=87 (full 3):
 PSYoungGen      total 6144K, used 192K [0x00000000d5580000, 0x00000000d5c80000, 0x0000000100000000)
  eden space 5632K, 0% used [0x00000000d5580000,0x00000000d5580000,0x00000000d5b00000)
  from space 512K, 37% used [0x00000000d5c00000,0x00000000d5c30000,0x00000000d5c80000)
  to   space 512K, 0% used [0x00000000d5b80000,0x00000000d5b80000,0x00000000d5c00000)
 ParOldGen       total 90624K, used 67180K [0x0000000080000000, 0x0000000085880000, 0x00000000d5580000)
  object space 90624K, 74% used [0x0000000080000000,0x000000008419b220,0x0000000085880000)
 Metaspace       used 59543K, committed 61056K, reserved 1114112K
  class space    used 6916K, committed 7552K, reserved 1048576K
}
Event: 1520.331 GC heap before
{Heap before GC invocations=88 (full 3):
 PSYoungGen      total 6144K, used 5824K [0x00000000d5580000, 0x00000000d5c80000, 0x0000000100000000)
  eden space 5632K, 100% used [0x00000000d5580000,0x00000000d5b00000,0x00000000d5b00000)
  from space 512K, 37% used [0x00000000d5c00000,0x00000000d5c30000,0x00000000d5c80000)
  to   space 512K, 0% used [0x00000000d5b80000,0x00000000d5b80000,0x00000000d5c00000)
 ParOldGen       total 90624K, used 67180K [0x0000000080000000, 0x0000000085880000, 0x00000000d5580000)
  object space 90624K, 74% used [0x0000000080000000,0x000000008419b220,0x0000000085880000)
 Metaspace       used 59579K, committed 61056K, reserved 1114112K
  class space    used 6916K, committed 7552K, reserved 1048576K
}
Event: 1520.332 GC heap after
{Heap after GC invocations=88 (full 3):
 PSYoungGen      total 6144K, used 192K [0x00000000d5580000, 0x00000000d5c80000, 0x0000000100000000)
  eden space 5632K, 0% used [0x00000000d5580000,0x00000000d5580000,0x00000000d5b00000)
  from space 512K, 37% used [0x00000000d5b80000,0x00000000d5bb0000,0x00000000d5c00000)
  to   space 512K, 0% used [0x00000000d5c00000,0x00000000d5c00000,0x00000000d5c80000)
 ParOldGen       total 90624K, used 67204K [0x0000000080000000, 0x0000000085880000, 0x00000000d5580000)
  object space 90624K, 74% used [0x0000000080000000,0x00000000841a1220,0x0000000085880000)
 Metaspace       used 59579K, committed 61056K, reserved 1114112K
  class space    used 6916K, committed 7552K, reserved 1048576K
}
Event: 2285.381 GC heap before
{Heap before GC invocations=89 (full 3):
 PSYoungGen      total 6144K, used 5824K [0x00000000d5580000, 0x00000000d5c80000, 0x0000000100000000)
  eden space 5632K, 100% used [0x00000000d5580000,0x00000000d5b00000,0x00000000d5b00000)
  from space 512K, 37% used [0x00000000d5b80000,0x00000000d5bb0000,0x00000000d5c00000)
  to   space 512K, 0% used [0x00000000d5c00000,0x00000000d5c00000,0x00000000d5c80000)
 ParOldGen       total 90624K, used 67204K [0x0000000080000000, 0x0000000085880000, 0x00000000d5580000)
  object space 90624K, 74% used [0x0000000080000000,0x00000000841a1220,0x0000000085880000)
 Metaspace       used 59632K, committed 61056K, reserved 1114112K
  class space    used 6916K, committed 7552K, reserved 1048576K
}
Event: 2285.384 GC heap after
{Heap after GC invocations=89 (full 3):
 PSYoungGen      total 6144K, used 256K [0x00000000d5580000, 0x00000000d5c80000, 0x0000000100000000)
  eden space 5632K, 0% used [0x00000000d5580000,0x00000000d5580000,0x00000000d5b00000)
  from space 512K, 50% used [0x00000000d5c00000,0x00000000d5c40000,0x00000000d5c80000)
  to   space 512K, 0% used [0x00000000d5b80000,0x00000000d5b80000,0x00000000d5c00000)
 ParOldGen       total 90624K, used 67260K [0x0000000080000000, 0x0000000085880000, 0x00000000d5580000)
  object space 90624K, 74% used [0x0000000080000000,0x00000000841af220,0x0000000085880000)
 Metaspace       used 59632K, committed 61056K, reserved 1114112K
  class space    used 6916K, committed 7552K, reserved 1048576K
}

